[debug] [2021-09-15T11:25:10.448Z] ----------------------------------------------------------------------
[debug] [2021-09-15T11:25:10.456Z] Command:       C:\Program Files\nodejs\node.exe C:\Users\adebayo\AppData\Roaming\npm\node_modules\firebase-tools\lib\bin\firebase.js init
[debug] [2021-09-15T11:25:10.457Z] CLI Version:   9.18.0
[debug] [2021-09-15T11:25:10.457Z] Platform:      win32
[debug] [2021-09-15T11:25:10.458Z] Node Version:  v14.17.4
[debug] [2021-09-15T11:25:10.459Z] Time:          Wed Sep 15 2021 12:25:10 GMT+0100 (GMT+01:00)
[debug] [2021-09-15T11:25:10.460Z] ----------------------------------------------------------------------
[debug] 
[debug] [2021-09-15T11:25:10.486Z] > command requires scopes: ["email","openid","https://www.googleapis.com/auth/cloudplatformprojects.readonly","https://www.googleapis.com/auth/firebase","https://www.googleapis.com/auth/cloud-platform"]
[debug] [2021-09-15T11:25:10.488Z] > authorizing via signed-in user (adebayoadesina789@gmail.com)
[info] 
     ######## #### ########  ######## ########     ###     ######  ########
     ##        ##  ##     ## ##       ##     ##  ##   ##  ##       ##
     ######    ##  ########  ######   ########  #########  ######  ######
     ##        ##  ##    ##  ##       ##     ## ##     ##       ## ##
     ##       #### ##     ## ######## ########  ##     ##  ######  ########

You're about to initialize a Firebase project in this directory:

  C:\Users\adebayo\Desktop\SQI CLASS\Visual Studio\React\CGPA Calculator

[info] 
=== Project Setup
[info] 
[info] First, let's associate this project directory with a Firebase project.
[info] You can create multiple project aliases by running firebase use --add, 
[info] but for now we'll just set up a default project.
[info] 
[debug] [2021-09-15T11:26:03.845Z] >>> [apiv2][query] GET https://firebase.googleapis.com/v1beta1/projects pageSize=100
[debug] [2021-09-15T11:26:06.934Z] <<< [apiv2][status] GET https://firebase.googleapis.com/v1beta1/projects 200
[debug] [2021-09-15T11:26:06.936Z] <<< [apiv2][body] GET https://firebase.googleapis.com/v1beta1/projects [omitted]
[info] i  Using project cgpacalculator-315f6 (cgpacalculator) 
[info] 
=== Hosting Setup
[info] 
[info] Your public directory is the folder (relative to your project directory) that
[info] will contain Hosting assets to be uploaded with firebase deploy. If you
[info] have a build process for your assets, use your build's output directory.
[info] 
